20:36:13.410[main] DEBUG org.apache.poi.openxml4j.opc.PackageRelationshipCollection-Parsing relationship: /xl/_rels/workbook.xml.rels
20:36:13.427[main] DEBUG org.apache.poi.openxml4j.opc.PackageRelationshipCollection-Parsing relationship: /xl/worksheets/_rels/sheet1.xml.rels
20:36:13.427[main] DEBUG org.apache.poi.openxml4j.opc.PackageRelationshipCollection-Parsing relationship: /_rels/.rels
20:36:14.992[main] DEBUG org.apache.poi.openxml4j.opc.PackageRelationshipCollection-Parsing relationship: /xl/_rels/workbook.xml.rels
20:36:14.994[main] DEBUG org.apache.poi.openxml4j.opc.PackageRelationshipCollection-Parsing relationship: /xl/worksheets/_rels/sheet1.xml.rels
20:36:15.001[main] DEBUG org.apache.poi.openxml4j.opc.PackageRelationshipCollection-Parsing relationship: /_rels/.rels
20:36:15.060[main] DEBUG org.apache.poi.openxml4j.opc.PackageRelationshipCollection-Parsing relationship: /xl/_rels/workbook.xml.rels
20:36:15.060[main] DEBUG org.apache.poi.openxml4j.opc.PackageRelationshipCollection-Parsing relationship: /xl/worksheets/_rels/sheet1.xml.rels
20:36:15.060[main] DEBUG org.apache.poi.openxml4j.opc.PackageRelationshipCollection-Parsing relationship: /_rels/.rels
20:36:15.101[main] DEBUG org.apache.poi.openxml4j.opc.PackageRelationshipCollection-Parsing relationship: /xl/_rels/workbook.xml.rels
20:36:15.118[main] DEBUG org.apache.poi.openxml4j.opc.PackageRelationshipCollection-Parsing relationship: /xl/worksheets/_rels/sheet1.xml.rels
20:36:15.119[main] DEBUG org.apache.poi.openxml4j.opc.PackageRelationshipCollection-Parsing relationship: /_rels/.rels
20:36:15.163[main] DEBUG org.apache.poi.openxml4j.opc.PackageRelationshipCollection-Parsing relationship: /xl/_rels/workbook.xml.rels
20:36:15.163[main] DEBUG org.apache.poi.openxml4j.opc.PackageRelationshipCollection-Parsing relationship: /xl/worksheets/_rels/sheet1.xml.rels
20:36:15.163[main] DEBUG org.apache.poi.openxml4j.opc.PackageRelationshipCollection-Parsing relationship: /_rels/.rels
20:36:15.219[main] DEBUG org.apache.poi.openxml4j.opc.PackageRelationshipCollection-Parsing relationship: /xl/_rels/workbook.xml.rels
20:36:15.219[main] DEBUG org.apache.poi.openxml4j.opc.PackageRelationshipCollection-Parsing relationship: /xl/worksheets/_rels/sheet1.xml.rels
20:36:15.219[main] DEBUG org.apache.poi.openxml4j.opc.PackageRelationshipCollection-Parsing relationship: /_rels/.rels
20:36:15.262[main] DEBUG org.apache.poi.openxml4j.opc.PackageRelationshipCollection-Parsing relationship: /xl/_rels/workbook.xml.rels
20:36:15.262[main] DEBUG org.apache.poi.openxml4j.opc.PackageRelationshipCollection-Parsing relationship: /xl/worksheets/_rels/sheet1.xml.rels
20:36:15.269[main] DEBUG org.apache.poi.openxml4j.opc.PackageRelationshipCollection-Parsing relationship: /_rels/.rels
20:36:15.306[main] DEBUG org.apache.poi.openxml4j.opc.PackageRelationshipCollection-Parsing relationship: /xl/_rels/workbook.xml.rels
20:36:15.306[main] DEBUG org.apache.poi.openxml4j.opc.PackageRelationshipCollection-Parsing relationship: /xl/worksheets/_rels/sheet1.xml.rels
20:36:15.306[main] DEBUG org.apache.poi.openxml4j.opc.PackageRelationshipCollection-Parsing relationship: /_rels/.rels
20:36:15.368[main] DEBUG org.apache.poi.openxml4j.opc.PackageRelationshipCollection-Parsing relationship: /xl/_rels/workbook.xml.rels
20:36:15.368[main] DEBUG org.apache.poi.openxml4j.opc.PackageRelationshipCollection-Parsing relationship: /xl/worksheets/_rels/sheet1.xml.rels
20:36:15.368[main] DEBUG org.apache.poi.openxml4j.opc.PackageRelationshipCollection-Parsing relationship: /_rels/.rels
20:36:15.415[main] DEBUG org.apache.poi.openxml4j.opc.PackageRelationshipCollection-Parsing relationship: /xl/_rels/workbook.xml.rels
20:36:15.415[main] DEBUG org.apache.poi.openxml4j.opc.PackageRelationshipCollection-Parsing relationship: /xl/worksheets/_rels/sheet1.xml.rels
20:36:15.415[main] DEBUG org.apache.poi.openxml4j.opc.PackageRelationshipCollection-Parsing relationship: /_rels/.rels
20:36:15.486[main] DEBUG org.apache.poi.openxml4j.opc.PackageRelationshipCollection-Parsing relationship: /xl/_rels/workbook.xml.rels
20:36:15.489[main] DEBUG org.apache.poi.openxml4j.opc.PackageRelationshipCollection-Parsing relationship: /xl/worksheets/_rels/sheet1.xml.rels
20:36:15.489[main] DEBUG org.apache.poi.openxml4j.opc.PackageRelationshipCollection-Parsing relationship: /_rels/.rels
20:36:15.535[main] DEBUG org.apache.poi.openxml4j.opc.PackageRelationshipCollection-Parsing relationship: /xl/_rels/workbook.xml.rels
20:36:15.535[main] DEBUG org.apache.poi.openxml4j.opc.PackageRelationshipCollection-Parsing relationship: /xl/worksheets/_rels/sheet1.xml.rels
20:36:15.535[main] DEBUG org.apache.poi.openxml4j.opc.PackageRelationshipCollection-Parsing relationship: /_rels/.rels
20:36:15.582[main] DEBUG org.apache.poi.openxml4j.opc.PackageRelationshipCollection-Parsing relationship: /xl/_rels/workbook.xml.rels
20:36:15.582[main] DEBUG org.apache.poi.openxml4j.opc.PackageRelationshipCollection-Parsing relationship: /xl/worksheets/_rels/sheet1.xml.rels
20:36:15.582[main] DEBUG org.apache.poi.openxml4j.opc.PackageRelationshipCollection-Parsing relationship: /_rels/.rels
20:36:15.618[main] DEBUG org.apache.poi.openxml4j.opc.PackageRelationshipCollection-Parsing relationship: /xl/_rels/workbook.xml.rels
20:36:15.618[main] DEBUG org.apache.poi.openxml4j.opc.PackageRelationshipCollection-Parsing relationship: /xl/worksheets/_rels/sheet1.xml.rels
20:36:15.632[main] DEBUG org.apache.poi.openxml4j.opc.PackageRelationshipCollection-Parsing relationship: /_rels/.rels
20:36:15.665[main] DEBUG org.apache.poi.openxml4j.opc.PackageRelationshipCollection-Parsing relationship: /xl/_rels/workbook.xml.rels
20:36:15.665[main] DEBUG org.apache.poi.openxml4j.opc.PackageRelationshipCollection-Parsing relationship: /xl/worksheets/_rels/sheet1.xml.rels
20:36:15.665[main] DEBUG org.apache.poi.openxml4j.opc.PackageRelationshipCollection-Parsing relationship: /_rels/.rels
20:36:15.708[main] DEBUG org.apache.poi.openxml4j.opc.PackageRelationshipCollection-Parsing relationship: /xl/_rels/workbook.xml.rels
20:36:15.708[main] DEBUG org.apache.poi.openxml4j.opc.PackageRelationshipCollection-Parsing relationship: /xl/worksheets/_rels/sheet1.xml.rels
20:36:15.714[main] DEBUG org.apache.poi.openxml4j.opc.PackageRelationshipCollection-Parsing relationship: /_rels/.rels
20:36:15.740[main] INFO  testCases.TC_003LoginDDT-Starting TC_003LoginDDT
20:36:18.744[main] INFO  testCases.TC_003LoginDDT-Finished TC_003LoginDDT
20:36:18.749[main] INFO  testCases.TC_003LoginDDT-Starting TC_003LoginDDT
20:36:30.070[main] INFO  testCases.TC_003LoginDDT-Finished TC_003LoginDDT
20:36:30.070[main] INFO  testCases.TC_003LoginDDT-Starting TC_003LoginDDT
20:36:42.867[main] INFO  testCases.TC_003LoginDDT-Finished TC_003LoginDDT
20:36:42.867[main] INFO  testCases.TC_003LoginDDT-Starting TC_003LoginDDT
20:36:55.235[main] INFO  testCases.TC_003LoginDDT-Finished TC_003LoginDDT
20:36:55.235[main] INFO  testCases.TC_003LoginDDT-Starting TC_003LoginDDT
20:36:58.541[main] INFO  testCases.TC_003LoginDDT-Finished TC_003LoginDDT
20:38:31.771[main] INFO  testCases.Tc_001AccountRegistationTest-Starting Tc_001AccountRegistationTest 
20:38:32.077[main] INFO  testCases.Tc_001AccountRegistationTest-Clicked on MyAccount Link
20:38:33.852[main] INFO  testCases.Tc_001AccountRegistationTest-Clicked on Register Link
20:38:33.860[main] INFO  testCases.Tc_001AccountRegistationTest-proving customer deatails...
20:38:35.446[main] INFO  testCases.Tc_001AccountRegistationTest-validating expected message
20:38:35.499[main] INFO  testCases.Tc_001AccountRegistationTest-Finished Tc_001AccountRegistationTest 
20:38:43.321[main] INFO  testCases.TC_002_LoginTest-Staring TC_002_LoginTest 
20:38:46.281[main] INFO  testCases.TC_002_LoginTest-Finished TC_002_LoginTest 
20:38:53.800[main] DEBUG org.apache.poi.openxml4j.opc.PackageRelationshipCollection-Parsing relationship: /xl/_rels/workbook.xml.rels
20:38:53.803[main] DEBUG org.apache.poi.openxml4j.opc.PackageRelationshipCollection-Parsing relationship: /xl/worksheets/_rels/sheet1.xml.rels
20:38:53.807[main] DEBUG org.apache.poi.openxml4j.opc.PackageRelationshipCollection-Parsing relationship: /_rels/.rels
20:38:54.282[main] DEBUG org.apache.poi.openxml4j.opc.PackageRelationshipCollection-Parsing relationship: /xl/_rels/workbook.xml.rels
20:38:54.284[main] DEBUG org.apache.poi.openxml4j.opc.PackageRelationshipCollection-Parsing relationship: /xl/worksheets/_rels/sheet1.xml.rels
20:38:54.286[main] DEBUG org.apache.poi.openxml4j.opc.PackageRelationshipCollection-Parsing relationship: /_rels/.rels
20:38:54.325[main] DEBUG org.apache.poi.openxml4j.opc.PackageRelationshipCollection-Parsing relationship: /xl/_rels/workbook.xml.rels
20:38:54.326[main] DEBUG org.apache.poi.openxml4j.opc.PackageRelationshipCollection-Parsing relationship: /xl/worksheets/_rels/sheet1.xml.rels
20:38:54.328[main] DEBUG org.apache.poi.openxml4j.opc.PackageRelationshipCollection-Parsing relationship: /_rels/.rels
20:38:54.358[main] DEBUG org.apache.poi.openxml4j.opc.PackageRelationshipCollection-Parsing relationship: /xl/_rels/workbook.xml.rels
20:38:54.359[main] DEBUG org.apache.poi.openxml4j.opc.PackageRelationshipCollection-Parsing relationship: /xl/worksheets/_rels/sheet1.xml.rels
20:38:54.360[main] DEBUG org.apache.poi.openxml4j.opc.PackageRelationshipCollection-Parsing relationship: /_rels/.rels
20:38:54.386[main] DEBUG org.apache.poi.openxml4j.opc.PackageRelationshipCollection-Parsing relationship: /xl/_rels/workbook.xml.rels
20:38:54.388[main] DEBUG org.apache.poi.openxml4j.opc.PackageRelationshipCollection-Parsing relationship: /xl/worksheets/_rels/sheet1.xml.rels
20:38:54.389[main] DEBUG org.apache.poi.openxml4j.opc.PackageRelationshipCollection-Parsing relationship: /_rels/.rels
20:38:54.413[main] DEBUG org.apache.poi.openxml4j.opc.PackageRelationshipCollection-Parsing relationship: /xl/_rels/workbook.xml.rels
20:38:54.414[main] DEBUG org.apache.poi.openxml4j.opc.PackageRelationshipCollection-Parsing relationship: /xl/worksheets/_rels/sheet1.xml.rels
20:38:54.415[main] DEBUG org.apache.poi.openxml4j.opc.PackageRelationshipCollection-Parsing relationship: /_rels/.rels
20:38:54.438[main] DEBUG org.apache.poi.openxml4j.opc.PackageRelationshipCollection-Parsing relationship: /xl/_rels/workbook.xml.rels
20:38:54.439[main] DEBUG org.apache.poi.openxml4j.opc.PackageRelationshipCollection-Parsing relationship: /xl/worksheets/_rels/sheet1.xml.rels
20:38:54.440[main] DEBUG org.apache.poi.openxml4j.opc.PackageRelationshipCollection-Parsing relationship: /_rels/.rels
20:38:54.553[main] DEBUG org.apache.poi.openxml4j.opc.PackageRelationshipCollection-Parsing relationship: /xl/_rels/workbook.xml.rels
20:38:54.557[main] DEBUG org.apache.poi.openxml4j.opc.PackageRelationshipCollection-Parsing relationship: /xl/worksheets/_rels/sheet1.xml.rels
20:38:54.560[main] DEBUG org.apache.poi.openxml4j.opc.PackageRelationshipCollection-Parsing relationship: /_rels/.rels
20:38:54.649[main] DEBUG org.apache.poi.openxml4j.opc.PackageRelationshipCollection-Parsing relationship: /xl/_rels/workbook.xml.rels
20:38:54.650[main] DEBUG org.apache.poi.openxml4j.opc.PackageRelationshipCollection-Parsing relationship: /xl/worksheets/_rels/sheet1.xml.rels
20:38:54.651[main] DEBUG org.apache.poi.openxml4j.opc.PackageRelationshipCollection-Parsing relationship: /_rels/.rels
20:38:54.681[main] DEBUG org.apache.poi.openxml4j.opc.PackageRelationshipCollection-Parsing relationship: /xl/_rels/workbook.xml.rels
20:38:54.681[main] DEBUG org.apache.poi.openxml4j.opc.PackageRelationshipCollection-Parsing relationship: /xl/worksheets/_rels/sheet1.xml.rels
20:38:54.682[main] DEBUG org.apache.poi.openxml4j.opc.PackageRelationshipCollection-Parsing relationship: /_rels/.rels
20:38:54.707[main] DEBUG org.apache.poi.openxml4j.opc.PackageRelationshipCollection-Parsing relationship: /xl/_rels/workbook.xml.rels
20:38:54.708[main] DEBUG org.apache.poi.openxml4j.opc.PackageRelationshipCollection-Parsing relationship: /xl/worksheets/_rels/sheet1.xml.rels
20:38:54.709[main] DEBUG org.apache.poi.openxml4j.opc.PackageRelationshipCollection-Parsing relationship: /_rels/.rels
20:38:54.733[main] DEBUG org.apache.poi.openxml4j.opc.PackageRelationshipCollection-Parsing relationship: /xl/_rels/workbook.xml.rels
20:38:54.757[main] DEBUG org.apache.poi.openxml4j.opc.PackageRelationshipCollection-Parsing relationship: /xl/worksheets/_rels/sheet1.xml.rels
20:38:54.757[main] DEBUG org.apache.poi.openxml4j.opc.PackageRelationshipCollection-Parsing relationship: /_rels/.rels
20:38:54.784[main] DEBUG org.apache.poi.openxml4j.opc.PackageRelationshipCollection-Parsing relationship: /xl/_rels/workbook.xml.rels
20:38:54.785[main] DEBUG org.apache.poi.openxml4j.opc.PackageRelationshipCollection-Parsing relationship: /xl/worksheets/_rels/sheet1.xml.rels
20:38:54.786[main] DEBUG org.apache.poi.openxml4j.opc.PackageRelationshipCollection-Parsing relationship: /_rels/.rels
20:38:54.808[main] DEBUG org.apache.poi.openxml4j.opc.PackageRelationshipCollection-Parsing relationship: /xl/_rels/workbook.xml.rels
20:38:54.809[main] DEBUG org.apache.poi.openxml4j.opc.PackageRelationshipCollection-Parsing relationship: /xl/worksheets/_rels/sheet1.xml.rels
20:38:54.810[main] DEBUG org.apache.poi.openxml4j.opc.PackageRelationshipCollection-Parsing relationship: /_rels/.rels
20:38:54.831[main] DEBUG org.apache.poi.openxml4j.opc.PackageRelationshipCollection-Parsing relationship: /xl/_rels/workbook.xml.rels
20:38:54.832[main] DEBUG org.apache.poi.openxml4j.opc.PackageRelationshipCollection-Parsing relationship: /xl/worksheets/_rels/sheet1.xml.rels
20:38:54.833[main] DEBUG org.apache.poi.openxml4j.opc.PackageRelationshipCollection-Parsing relationship: /_rels/.rels
20:38:54.858[main] DEBUG org.apache.poi.openxml4j.opc.PackageRelationshipCollection-Parsing relationship: /xl/_rels/workbook.xml.rels
20:38:54.859[main] DEBUG org.apache.poi.openxml4j.opc.PackageRelationshipCollection-Parsing relationship: /xl/worksheets/_rels/sheet1.xml.rels
20:38:54.860[main] DEBUG org.apache.poi.openxml4j.opc.PackageRelationshipCollection-Parsing relationship: /_rels/.rels
20:38:54.875[main] INFO  testCases.TC_003LoginDDT-Starting TC_003LoginDDT
20:38:57.984[main] INFO  testCases.TC_003LoginDDT-Finished TC_003LoginDDT
20:38:57.986[main] INFO  testCases.TC_003LoginDDT-Starting TC_003LoginDDT
20:39:09.676[main] INFO  testCases.TC_003LoginDDT-Finished TC_003LoginDDT
20:39:09.691[main] INFO  testCases.TC_003LoginDDT-Starting TC_003LoginDDT
20:39:22.140[main] INFO  testCases.TC_003LoginDDT-Finished TC_003LoginDDT
20:39:22.156[main] INFO  testCases.TC_003LoginDDT-Starting TC_003LoginDDT
20:39:34.238[main] INFO  testCases.TC_003LoginDDT-Finished TC_003LoginDDT
20:39:34.238[main] INFO  testCases.TC_003LoginDDT-Starting TC_003LoginDDT
20:39:37.116[main] INFO  testCases.TC_003LoginDDT-Finished TC_003LoginDDT
20:40:36.457[main] INFO  testCases.Tc_001AccountRegistationTest-Starting Tc_001AccountRegistationTest 
20:40:36.645[main] INFO  testCases.Tc_001AccountRegistationTest-Clicked on MyAccount Link
20:40:37.556[main] INFO  testCases.Tc_001AccountRegistationTest-Clicked on Register Link
20:40:37.556[main] INFO  testCases.Tc_001AccountRegistationTest-proving customer deatails...
20:40:38.988[main] INFO  testCases.Tc_001AccountRegistationTest-validating expected message
20:40:39.025[main] INFO  testCases.Tc_001AccountRegistationTest-Finished Tc_001AccountRegistationTest 
20:40:43.875[main] INFO  testCases.TC_002_LoginTest-Staring TC_002_LoginTest 
20:40:45.444[main] INFO  testCases.TC_002_LoginTest-Finished TC_002_LoginTest 
20:40:50.525[main] DEBUG org.apache.poi.openxml4j.opc.PackageRelationshipCollection-Parsing relationship: /xl/_rels/workbook.xml.rels
20:40:50.528[main] DEBUG org.apache.poi.openxml4j.opc.PackageRelationshipCollection-Parsing relationship: /xl/worksheets/_rels/sheet1.xml.rels
20:40:50.530[main] DEBUG org.apache.poi.openxml4j.opc.PackageRelationshipCollection-Parsing relationship: /_rels/.rels
20:40:51.100[main] DEBUG org.apache.poi.openxml4j.opc.PackageRelationshipCollection-Parsing relationship: /xl/_rels/workbook.xml.rels
20:40:51.102[main] DEBUG org.apache.poi.openxml4j.opc.PackageRelationshipCollection-Parsing relationship: /xl/worksheets/_rels/sheet1.xml.rels
20:40:51.103[main] DEBUG org.apache.poi.openxml4j.opc.PackageRelationshipCollection-Parsing relationship: /_rels/.rels
20:40:51.138[main] DEBUG org.apache.poi.openxml4j.opc.PackageRelationshipCollection-Parsing relationship: /xl/_rels/workbook.xml.rels
20:40:51.139[main] DEBUG org.apache.poi.openxml4j.opc.PackageRelationshipCollection-Parsing relationship: /xl/worksheets/_rels/sheet1.xml.rels
20:40:51.140[main] DEBUG org.apache.poi.openxml4j.opc.PackageRelationshipCollection-Parsing relationship: /_rels/.rels
20:40:51.162[main] DEBUG org.apache.poi.openxml4j.opc.PackageRelationshipCollection-Parsing relationship: /xl/_rels/workbook.xml.rels
20:40:51.163[main] DEBUG org.apache.poi.openxml4j.opc.PackageRelationshipCollection-Parsing relationship: /xl/worksheets/_rels/sheet1.xml.rels
20:40:51.164[main] DEBUG org.apache.poi.openxml4j.opc.PackageRelationshipCollection-Parsing relationship: /_rels/.rels
20:40:51.187[main] DEBUG org.apache.poi.openxml4j.opc.PackageRelationshipCollection-Parsing relationship: /xl/_rels/workbook.xml.rels
20:40:51.188[main] DEBUG org.apache.poi.openxml4j.opc.PackageRelationshipCollection-Parsing relationship: /xl/worksheets/_rels/sheet1.xml.rels
20:40:51.189[main] DEBUG org.apache.poi.openxml4j.opc.PackageRelationshipCollection-Parsing relationship: /_rels/.rels
20:40:51.210[main] DEBUG org.apache.poi.openxml4j.opc.PackageRelationshipCollection-Parsing relationship: /xl/_rels/workbook.xml.rels
20:40:51.211[main] DEBUG org.apache.poi.openxml4j.opc.PackageRelationshipCollection-Parsing relationship: /xl/worksheets/_rels/sheet1.xml.rels
20:40:51.212[main] DEBUG org.apache.poi.openxml4j.opc.PackageRelationshipCollection-Parsing relationship: /_rels/.rels
20:40:51.232[main] DEBUG org.apache.poi.openxml4j.opc.PackageRelationshipCollection-Parsing relationship: /xl/_rels/workbook.xml.rels
20:40:51.234[main] DEBUG org.apache.poi.openxml4j.opc.PackageRelationshipCollection-Parsing relationship: /xl/worksheets/_rels/sheet1.xml.rels
20:40:51.235[main] DEBUG org.apache.poi.openxml4j.opc.PackageRelationshipCollection-Parsing relationship: /_rels/.rels
20:40:51.256[main] DEBUG org.apache.poi.openxml4j.opc.PackageRelationshipCollection-Parsing relationship: /xl/_rels/workbook.xml.rels
20:40:51.257[main] DEBUG org.apache.poi.openxml4j.opc.PackageRelationshipCollection-Parsing relationship: /xl/worksheets/_rels/sheet1.xml.rels
20:40:51.258[main] DEBUG org.apache.poi.openxml4j.opc.PackageRelationshipCollection-Parsing relationship: /_rels/.rels
20:40:51.280[main] DEBUG org.apache.poi.openxml4j.opc.PackageRelationshipCollection-Parsing relationship: /xl/_rels/workbook.xml.rels
20:40:51.281[main] DEBUG org.apache.poi.openxml4j.opc.PackageRelationshipCollection-Parsing relationship: /xl/worksheets/_rels/sheet1.xml.rels
20:40:51.282[main] DEBUG org.apache.poi.openxml4j.opc.PackageRelationshipCollection-Parsing relationship: /_rels/.rels
20:40:51.302[main] DEBUG org.apache.poi.openxml4j.opc.PackageRelationshipCollection-Parsing relationship: /xl/_rels/workbook.xml.rels
20:40:51.303[main] DEBUG org.apache.poi.openxml4j.opc.PackageRelationshipCollection-Parsing relationship: /xl/worksheets/_rels/sheet1.xml.rels
20:40:51.304[main] DEBUG org.apache.poi.openxml4j.opc.PackageRelationshipCollection-Parsing relationship: /_rels/.rels
20:40:51.323[main] DEBUG org.apache.poi.openxml4j.opc.PackageRelationshipCollection-Parsing relationship: /xl/_rels/workbook.xml.rels
20:40:51.324[main] DEBUG org.apache.poi.openxml4j.opc.PackageRelationshipCollection-Parsing relationship: /xl/worksheets/_rels/sheet1.xml.rels
20:40:51.325[main] DEBUG org.apache.poi.openxml4j.opc.PackageRelationshipCollection-Parsing relationship: /_rels/.rels
20:40:51.342[main] DEBUG org.apache.poi.openxml4j.opc.PackageRelationshipCollection-Parsing relationship: /xl/_rels/workbook.xml.rels
20:40:51.343[main] DEBUG org.apache.poi.openxml4j.opc.PackageRelationshipCollection-Parsing relationship: /xl/worksheets/_rels/sheet1.xml.rels
20:40:51.344[main] DEBUG org.apache.poi.openxml4j.opc.PackageRelationshipCollection-Parsing relationship: /_rels/.rels
20:40:51.361[main] DEBUG org.apache.poi.openxml4j.opc.PackageRelationshipCollection-Parsing relationship: /xl/_rels/workbook.xml.rels
20:40:51.362[main] DEBUG org.apache.poi.openxml4j.opc.PackageRelationshipCollection-Parsing relationship: /xl/worksheets/_rels/sheet1.xml.rels
20:40:51.363[main] DEBUG org.apache.poi.openxml4j.opc.PackageRelationshipCollection-Parsing relationship: /_rels/.rels
20:40:51.384[main] DEBUG org.apache.poi.openxml4j.opc.PackageRelationshipCollection-Parsing relationship: /xl/_rels/workbook.xml.rels
20:40:51.385[main] DEBUG org.apache.poi.openxml4j.opc.PackageRelationshipCollection-Parsing relationship: /xl/worksheets/_rels/sheet1.xml.rels
20:40:51.386[main] DEBUG org.apache.poi.openxml4j.opc.PackageRelationshipCollection-Parsing relationship: /_rels/.rels
20:40:51.403[main] DEBUG org.apache.poi.openxml4j.opc.PackageRelationshipCollection-Parsing relationship: /xl/_rels/workbook.xml.rels
20:40:51.404[main] DEBUG org.apache.poi.openxml4j.opc.PackageRelationshipCollection-Parsing relationship: /xl/worksheets/_rels/sheet1.xml.rels
20:40:51.405[main] DEBUG org.apache.poi.openxml4j.opc.PackageRelationshipCollection-Parsing relationship: /_rels/.rels
20:40:51.420[main] DEBUG org.apache.poi.openxml4j.opc.PackageRelationshipCollection-Parsing relationship: /xl/_rels/workbook.xml.rels
20:40:51.421[main] DEBUG org.apache.poi.openxml4j.opc.PackageRelationshipCollection-Parsing relationship: /xl/worksheets/_rels/sheet1.xml.rels
20:40:51.422[main] DEBUG org.apache.poi.openxml4j.opc.PackageRelationshipCollection-Parsing relationship: /_rels/.rels
20:40:51.435[main] INFO  testCases.TC_003LoginDDT-Starting TC_003LoginDDT
20:40:53.987[main] INFO  testCases.TC_003LoginDDT-Finished TC_003LoginDDT
20:40:53.989[main] INFO  testCases.TC_003LoginDDT-Starting TC_003LoginDDT
20:41:05.008[main] INFO  testCases.TC_003LoginDDT-Finished TC_003LoginDDT
20:41:05.008[main] INFO  testCases.TC_003LoginDDT-Starting TC_003LoginDDT
20:41:17.642[main] INFO  testCases.TC_003LoginDDT-Finished TC_003LoginDDT
20:41:17.658[main] INFO  testCases.TC_003LoginDDT-Starting TC_003LoginDDT
20:41:30.400[main] INFO  testCases.TC_003LoginDDT-Finished TC_003LoginDDT
20:41:30.416[main] INFO  testCases.TC_003LoginDDT-Starting TC_003LoginDDT
20:41:35.739[main] INFO  testCases.TC_003LoginDDT-Finished TC_003LoginDDT
20:42:12.908[main] INFO  testCases.Tc_001AccountRegistationTest-Starting Tc_001AccountRegistationTest 
20:42:13.226[main] INFO  testCases.Tc_001AccountRegistationTest-Clicked on MyAccount Link
20:42:14.343[main] INFO  testCases.Tc_001AccountRegistationTest-Clicked on Register Link
20:42:14.348[main] INFO  testCases.Tc_001AccountRegistationTest-proving customer deatails...
20:42:15.829[main] INFO  testCases.Tc_001AccountRegistationTest-validating expected message
20:42:15.886[main] INFO  testCases.Tc_001AccountRegistationTest-Finished Tc_001AccountRegistationTest 
20:42:21.986[main] INFO  testCases.TC_002_LoginTest-Staring TC_002_LoginTest 
20:42:23.888[main] INFO  testCases.TC_002_LoginTest-Finished TC_002_LoginTest 
20:42:29.997[main] DEBUG org.apache.poi.openxml4j.opc.PackageRelationshipCollection-Parsing relationship: /xl/_rels/workbook.xml.rels
20:42:29.999[main] DEBUG org.apache.poi.openxml4j.opc.PackageRelationshipCollection-Parsing relationship: /xl/worksheets/_rels/sheet1.xml.rels
20:42:30.000[main] DEBUG org.apache.poi.openxml4j.opc.PackageRelationshipCollection-Parsing relationship: /_rels/.rels
20:42:30.478[main] DEBUG org.apache.poi.openxml4j.opc.PackageRelationshipCollection-Parsing relationship: /xl/_rels/workbook.xml.rels
20:42:30.479[main] DEBUG org.apache.poi.openxml4j.opc.PackageRelationshipCollection-Parsing relationship: /xl/worksheets/_rels/sheet1.xml.rels
20:42:30.481[main] DEBUG org.apache.poi.openxml4j.opc.PackageRelationshipCollection-Parsing relationship: /_rels/.rels
20:42:30.516[main] DEBUG org.apache.poi.openxml4j.opc.PackageRelationshipCollection-Parsing relationship: /xl/_rels/workbook.xml.rels
20:42:30.517[main] DEBUG org.apache.poi.openxml4j.opc.PackageRelationshipCollection-Parsing relationship: /xl/worksheets/_rels/sheet1.xml.rels
20:42:30.518[main] DEBUG org.apache.poi.openxml4j.opc.PackageRelationshipCollection-Parsing relationship: /_rels/.rels
20:42:30.539[main] DEBUG org.apache.poi.openxml4j.opc.PackageRelationshipCollection-Parsing relationship: /xl/_rels/workbook.xml.rels
20:42:30.540[main] DEBUG org.apache.poi.openxml4j.opc.PackageRelationshipCollection-Parsing relationship: /xl/worksheets/_rels/sheet1.xml.rels
20:42:30.540[main] DEBUG org.apache.poi.openxml4j.opc.PackageRelationshipCollection-Parsing relationship: /_rels/.rels
20:42:30.564[main] DEBUG org.apache.poi.openxml4j.opc.PackageRelationshipCollection-Parsing relationship: /xl/_rels/workbook.xml.rels
20:42:30.566[main] DEBUG org.apache.poi.openxml4j.opc.PackageRelationshipCollection-Parsing relationship: /xl/worksheets/_rels/sheet1.xml.rels
20:42:30.567[main] DEBUG org.apache.poi.openxml4j.opc.PackageRelationshipCollection-Parsing relationship: /_rels/.rels
20:42:30.588[main] DEBUG org.apache.poi.openxml4j.opc.PackageRelationshipCollection-Parsing relationship: /xl/_rels/workbook.xml.rels
20:42:30.589[main] DEBUG org.apache.poi.openxml4j.opc.PackageRelationshipCollection-Parsing relationship: /xl/worksheets/_rels/sheet1.xml.rels
20:42:30.590[main] DEBUG org.apache.poi.openxml4j.opc.PackageRelationshipCollection-Parsing relationship: /_rels/.rels
20:42:30.634[main] DEBUG org.apache.poi.openxml4j.opc.PackageRelationshipCollection-Parsing relationship: /xl/_rels/workbook.xml.rels
20:42:30.644[main] DEBUG org.apache.poi.openxml4j.opc.PackageRelationshipCollection-Parsing relationship: /xl/worksheets/_rels/sheet1.xml.rels
20:42:30.647[main] DEBUG org.apache.poi.openxml4j.opc.PackageRelationshipCollection-Parsing relationship: /_rels/.rels
20:42:30.737[main] DEBUG org.apache.poi.openxml4j.opc.PackageRelationshipCollection-Parsing relationship: /xl/_rels/workbook.xml.rels
20:42:30.738[main] DEBUG org.apache.poi.openxml4j.opc.PackageRelationshipCollection-Parsing relationship: /xl/worksheets/_rels/sheet1.xml.rels
20:42:30.739[main] DEBUG org.apache.poi.openxml4j.opc.PackageRelationshipCollection-Parsing relationship: /_rels/.rels
20:42:30.769[main] DEBUG org.apache.poi.openxml4j.opc.PackageRelationshipCollection-Parsing relationship: /xl/_rels/workbook.xml.rels
20:42:30.770[main] DEBUG org.apache.poi.openxml4j.opc.PackageRelationshipCollection-Parsing relationship: /xl/worksheets/_rels/sheet1.xml.rels
20:42:30.771[main] DEBUG org.apache.poi.openxml4j.opc.PackageRelationshipCollection-Parsing relationship: /_rels/.rels
20:42:30.791[main] DEBUG org.apache.poi.openxml4j.opc.PackageRelationshipCollection-Parsing relationship: /xl/_rels/workbook.xml.rels
20:42:30.792[main] DEBUG org.apache.poi.openxml4j.opc.PackageRelationshipCollection-Parsing relationship: /xl/worksheets/_rels/sheet1.xml.rels
20:42:30.793[main] DEBUG org.apache.poi.openxml4j.opc.PackageRelationshipCollection-Parsing relationship: /_rels/.rels
20:42:30.819[main] DEBUG org.apache.poi.openxml4j.opc.PackageRelationshipCollection-Parsing relationship: /xl/_rels/workbook.xml.rels
20:42:30.819[main] DEBUG org.apache.poi.openxml4j.opc.PackageRelationshipCollection-Parsing relationship: /xl/worksheets/_rels/sheet1.xml.rels
20:42:30.820[main] DEBUG org.apache.poi.openxml4j.opc.PackageRelationshipCollection-Parsing relationship: /_rels/.rels
20:42:30.839[main] DEBUG org.apache.poi.openxml4j.opc.PackageRelationshipCollection-Parsing relationship: /xl/_rels/workbook.xml.rels
20:42:30.840[main] DEBUG org.apache.poi.openxml4j.opc.PackageRelationshipCollection-Parsing relationship: /xl/worksheets/_rels/sheet1.xml.rels
20:42:30.841[main] DEBUG org.apache.poi.openxml4j.opc.PackageRelationshipCollection-Parsing relationship: /_rels/.rels
20:42:30.860[main] DEBUG org.apache.poi.openxml4j.opc.PackageRelationshipCollection-Parsing relationship: /xl/_rels/workbook.xml.rels
20:42:30.861[main] DEBUG org.apache.poi.openxml4j.opc.PackageRelationshipCollection-Parsing relationship: /xl/worksheets/_rels/sheet1.xml.rels
20:42:30.863[main] DEBUG org.apache.poi.openxml4j.opc.PackageRelationshipCollection-Parsing relationship: /_rels/.rels
20:42:30.880[main] DEBUG org.apache.poi.openxml4j.opc.PackageRelationshipCollection-Parsing relationship: /xl/_rels/workbook.xml.rels
20:42:30.881[main] DEBUG org.apache.poi.openxml4j.opc.PackageRelationshipCollection-Parsing relationship: /xl/worksheets/_rels/sheet1.xml.rels
20:42:30.882[main] DEBUG org.apache.poi.openxml4j.opc.PackageRelationshipCollection-Parsing relationship: /_rels/.rels
20:42:30.900[main] DEBUG org.apache.poi.openxml4j.opc.PackageRelationshipCollection-Parsing relationship: /xl/_rels/workbook.xml.rels
20:42:30.901[main] DEBUG org.apache.poi.openxml4j.opc.PackageRelationshipCollection-Parsing relationship: /xl/worksheets/_rels/sheet1.xml.rels
20:42:30.901[main] DEBUG org.apache.poi.openxml4j.opc.PackageRelationshipCollection-Parsing relationship: /_rels/.rels
20:42:30.919[main] DEBUG org.apache.poi.openxml4j.opc.PackageRelationshipCollection-Parsing relationship: /xl/_rels/workbook.xml.rels
20:42:30.920[main] DEBUG org.apache.poi.openxml4j.opc.PackageRelationshipCollection-Parsing relationship: /xl/worksheets/_rels/sheet1.xml.rels
20:42:30.921[main] DEBUG org.apache.poi.openxml4j.opc.PackageRelationshipCollection-Parsing relationship: /_rels/.rels
20:42:30.938[main] INFO  testCases.TC_003LoginDDT-Starting TC_003LoginDDT
20:42:33.667[main] INFO  testCases.TC_003LoginDDT-Finished TC_003LoginDDT
20:42:33.672[main] INFO  testCases.TC_003LoginDDT-Starting TC_003LoginDDT
20:42:44.395[main] INFO  testCases.TC_003LoginDDT-Finished TC_003LoginDDT
20:42:44.402[main] INFO  testCases.TC_003LoginDDT-Starting TC_003LoginDDT
20:42:56.031[main] INFO  testCases.TC_003LoginDDT-Finished TC_003LoginDDT
20:42:56.033[main] INFO  testCases.TC_003LoginDDT-Starting TC_003LoginDDT
20:43:08.446[main] INFO  testCases.TC_003LoginDDT-Finished TC_003LoginDDT
20:43:08.448[main] INFO  testCases.TC_003LoginDDT-Starting TC_003LoginDDT
20:43:11.457[main] INFO  testCases.TC_003LoginDDT-Finished TC_003LoginDDT
