12:21:46.243[main] DEBUG org.testng.TestNG-suiteXmlPath: "D:\Manual Testing\Opencart01\Grouping.xml"
12:21:46.721[main] INFO  org.testng.internal.Utils-[TestNG] Running:
  D:\Manual Testing\Opencart01\Grouping.xml

12:21:52.521[main] INFO  testCases.TC_002_LoginTest-Staring TC_002_LoginTest 
12:21:55.377[main] INFO  testCases.TC_002_LoginTest-Finished TC_002_LoginTest 
12:26:38.949[main] DEBUG org.testng.TestNG-suiteXmlPath: "D:\Manual Testing\Opencart01\master.xml"
12:26:39.395[main] INFO  org.testng.internal.Utils-[TestNG] Running:
  D:\Manual Testing\Opencart01\master.xml

12:26:45.058[main] INFO  testCases.Tc_001AccountRegistationTest-Starting Tc_001AccountRegistationTest 
12:26:45.899[main] INFO  testCases.Tc_001AccountRegistationTest-Clicked on MyAccount Link
12:26:47.142[main] INFO  testCases.Tc_001AccountRegistationTest-Clicked on Register Link
12:26:47.171[main] INFO  testCases.Tc_001AccountRegistationTest-proving customer deatails...
12:26:49.522[main] INFO  testCases.Tc_001AccountRegistationTest-validating expected message
12:26:49.592[main] INFO  testCases.Tc_001AccountRegistationTest-Finished Tc_001AccountRegistationTest 
12:26:52.909[main] INFO  testCases.TC_002_LoginTest-Staring TC_002_LoginTest 
12:26:54.930[main] INFO  testCases.TC_002_LoginTest-Finished TC_002_LoginTest 
12:26:58.700[main] DEBUG org.apache.poi.openxml4j.opc.PackageRelationshipCollection-Parsing relationship: /xl/_rels/workbook.xml.rels
12:26:58.704[main] DEBUG org.apache.poi.openxml4j.opc.PackageRelationshipCollection-Parsing relationship: /xl/worksheets/_rels/sheet1.xml.rels
12:26:58.710[main] DEBUG org.apache.poi.openxml4j.opc.PackageRelationshipCollection-Parsing relationship: /_rels/.rels
12:26:59.478[main] DEBUG org.apache.poi.openxml4j.opc.PackageRelationshipCollection-Parsing relationship: /xl/_rels/workbook.xml.rels
12:26:59.479[main] DEBUG org.apache.poi.openxml4j.opc.PackageRelationshipCollection-Parsing relationship: /xl/worksheets/_rels/sheet1.xml.rels
12:26:59.480[main] DEBUG org.apache.poi.openxml4j.opc.PackageRelationshipCollection-Parsing relationship: /_rels/.rels
12:26:59.519[main] DEBUG org.apache.poi.openxml4j.opc.PackageRelationshipCollection-Parsing relationship: /xl/_rels/workbook.xml.rels
12:26:59.521[main] DEBUG org.apache.poi.openxml4j.opc.PackageRelationshipCollection-Parsing relationship: /xl/worksheets/_rels/sheet1.xml.rels
12:26:59.522[main] DEBUG org.apache.poi.openxml4j.opc.PackageRelationshipCollection-Parsing relationship: /_rels/.rels
12:26:59.548[main] DEBUG org.apache.poi.openxml4j.opc.PackageRelationshipCollection-Parsing relationship: /xl/_rels/workbook.xml.rels
12:26:59.549[main] DEBUG org.apache.poi.openxml4j.opc.PackageRelationshipCollection-Parsing relationship: /xl/worksheets/_rels/sheet1.xml.rels
12:26:59.550[main] DEBUG org.apache.poi.openxml4j.opc.PackageRelationshipCollection-Parsing relationship: /_rels/.rels
12:26:59.580[main] DEBUG org.apache.poi.openxml4j.opc.PackageRelationshipCollection-Parsing relationship: /xl/_rels/workbook.xml.rels
12:26:59.581[main] DEBUG org.apache.poi.openxml4j.opc.PackageRelationshipCollection-Parsing relationship: /xl/worksheets/_rels/sheet1.xml.rels
12:26:59.582[main] DEBUG org.apache.poi.openxml4j.opc.PackageRelationshipCollection-Parsing relationship: /_rels/.rels
12:26:59.604[main] DEBUG org.apache.poi.openxml4j.opc.PackageRelationshipCollection-Parsing relationship: /xl/_rels/workbook.xml.rels
12:26:59.605[main] DEBUG org.apache.poi.openxml4j.opc.PackageRelationshipCollection-Parsing relationship: /xl/worksheets/_rels/sheet1.xml.rels
12:26:59.606[main] DEBUG org.apache.poi.openxml4j.opc.PackageRelationshipCollection-Parsing relationship: /_rels/.rels
12:26:59.630[main] DEBUG org.apache.poi.openxml4j.opc.PackageRelationshipCollection-Parsing relationship: /xl/_rels/workbook.xml.rels
12:26:59.631[main] DEBUG org.apache.poi.openxml4j.opc.PackageRelationshipCollection-Parsing relationship: /xl/worksheets/_rels/sheet1.xml.rels
12:26:59.632[main] DEBUG org.apache.poi.openxml4j.opc.PackageRelationshipCollection-Parsing relationship: /_rels/.rels
12:26:59.656[main] DEBUG org.apache.poi.openxml4j.opc.PackageRelationshipCollection-Parsing relationship: /xl/_rels/workbook.xml.rels
12:26:59.658[main] DEBUG org.apache.poi.openxml4j.opc.PackageRelationshipCollection-Parsing relationship: /xl/worksheets/_rels/sheet1.xml.rels
12:26:59.658[main] DEBUG org.apache.poi.openxml4j.opc.PackageRelationshipCollection-Parsing relationship: /_rels/.rels
12:26:59.678[main] DEBUG org.apache.poi.openxml4j.opc.PackageRelationshipCollection-Parsing relationship: /xl/_rels/workbook.xml.rels
12:26:59.679[main] DEBUG org.apache.poi.openxml4j.opc.PackageRelationshipCollection-Parsing relationship: /xl/worksheets/_rels/sheet1.xml.rels
12:26:59.680[main] DEBUG org.apache.poi.openxml4j.opc.PackageRelationshipCollection-Parsing relationship: /_rels/.rels
12:26:59.702[main] DEBUG org.apache.poi.openxml4j.opc.PackageRelationshipCollection-Parsing relationship: /xl/_rels/workbook.xml.rels
12:26:59.703[main] DEBUG org.apache.poi.openxml4j.opc.PackageRelationshipCollection-Parsing relationship: /xl/worksheets/_rels/sheet1.xml.rels
12:26:59.704[main] DEBUG org.apache.poi.openxml4j.opc.PackageRelationshipCollection-Parsing relationship: /_rels/.rels
12:26:59.724[main] DEBUG org.apache.poi.openxml4j.opc.PackageRelationshipCollection-Parsing relationship: /xl/_rels/workbook.xml.rels
12:26:59.725[main] DEBUG org.apache.poi.openxml4j.opc.PackageRelationshipCollection-Parsing relationship: /xl/worksheets/_rels/sheet1.xml.rels
12:26:59.726[main] DEBUG org.apache.poi.openxml4j.opc.PackageRelationshipCollection-Parsing relationship: /_rels/.rels
12:26:59.749[main] DEBUG org.apache.poi.openxml4j.opc.PackageRelationshipCollection-Parsing relationship: /xl/_rels/workbook.xml.rels
12:26:59.750[main] DEBUG org.apache.poi.openxml4j.opc.PackageRelationshipCollection-Parsing relationship: /xl/worksheets/_rels/sheet1.xml.rels
12:26:59.750[main] DEBUG org.apache.poi.openxml4j.opc.PackageRelationshipCollection-Parsing relationship: /_rels/.rels
12:26:59.769[main] DEBUG org.apache.poi.openxml4j.opc.PackageRelationshipCollection-Parsing relationship: /xl/_rels/workbook.xml.rels
12:26:59.770[main] DEBUG org.apache.poi.openxml4j.opc.PackageRelationshipCollection-Parsing relationship: /xl/worksheets/_rels/sheet1.xml.rels
12:26:59.770[main] DEBUG org.apache.poi.openxml4j.opc.PackageRelationshipCollection-Parsing relationship: /_rels/.rels
12:26:59.791[main] DEBUG org.apache.poi.openxml4j.opc.PackageRelationshipCollection-Parsing relationship: /xl/_rels/workbook.xml.rels
12:26:59.792[main] DEBUG org.apache.poi.openxml4j.opc.PackageRelationshipCollection-Parsing relationship: /xl/worksheets/_rels/sheet1.xml.rels
12:26:59.793[main] DEBUG org.apache.poi.openxml4j.opc.PackageRelationshipCollection-Parsing relationship: /_rels/.rels
12:26:59.813[main] DEBUG org.apache.poi.openxml4j.opc.PackageRelationshipCollection-Parsing relationship: /xl/_rels/workbook.xml.rels
12:26:59.814[main] DEBUG org.apache.poi.openxml4j.opc.PackageRelationshipCollection-Parsing relationship: /xl/worksheets/_rels/sheet1.xml.rels
12:26:59.815[main] DEBUG org.apache.poi.openxml4j.opc.PackageRelationshipCollection-Parsing relationship: /_rels/.rels
12:26:59.837[main] DEBUG org.apache.poi.openxml4j.opc.PackageRelationshipCollection-Parsing relationship: /xl/_rels/workbook.xml.rels
12:26:59.838[main] DEBUG org.apache.poi.openxml4j.opc.PackageRelationshipCollection-Parsing relationship: /xl/worksheets/_rels/sheet1.xml.rels
12:26:59.839[main] DEBUG org.apache.poi.openxml4j.opc.PackageRelationshipCollection-Parsing relationship: /_rels/.rels
12:26:59.856[main] INFO  testCases.TC_003LoginDDT-Starting TC_003LoginDDT
12:27:02.794[main] INFO  testCases.TC_003LoginDDT-Finished TC_003LoginDDT
12:27:02.808[main] INFO  testCases.TC_003LoginDDT-Starting TC_003LoginDDT
12:27:14.174[main] INFO  testCases.TC_003LoginDDT-Finished TC_003LoginDDT
12:27:14.189[main] INFO  testCases.TC_003LoginDDT-Starting TC_003LoginDDT
12:27:26.313[main] INFO  testCases.TC_003LoginDDT-Finished TC_003LoginDDT
12:27:26.325[main] INFO  testCases.TC_003LoginDDT-Starting TC_003LoginDDT
12:27:38.392[main] INFO  testCases.TC_003LoginDDT-Finished TC_003LoginDDT
12:27:38.404[main] INFO  testCases.TC_003LoginDDT-Starting TC_003LoginDDT
12:27:40.910[main] INFO  testCases.TC_003LoginDDT-Finished TC_003LoginDDT
12:29:21.602[main] DEBUG org.testng.TestNG-suiteXmlPath: "D:\Manual Testing\Opencart01\Grouping.xml"
12:29:22.046[main] INFO  org.testng.internal.Utils-[TestNG] Running:
  D:\Manual Testing\Opencart01\Grouping.xml

12:29:28.453[main] INFO  testCases.Tc_001AccountRegistationTest-Starting Tc_001AccountRegistationTest 
12:29:29.190[main] INFO  testCases.Tc_001AccountRegistationTest-Clicked on MyAccount Link
12:29:30.346[main] INFO  testCases.Tc_001AccountRegistationTest-Clicked on Register Link
12:29:30.395[main] INFO  testCases.Tc_001AccountRegistationTest-proving customer deatails...
12:29:32.674[main] INFO  testCases.Tc_001AccountRegistationTest-validating expected message
12:29:32.736[main] INFO  testCases.Tc_001AccountRegistationTest-Finished Tc_001AccountRegistationTest 
12:29:36.738[main] INFO  testCases.TC_002_LoginTest-Staring TC_002_LoginTest 
12:29:39.184[main] INFO  testCases.TC_002_LoginTest-Finished TC_002_LoginTest 
12:31:26.469[main] DEBUG org.testng.TestNG-suiteXmlPath: "D:\Manual Testing\Opencart01\Grouping.xml"
12:31:26.913[main] INFO  org.testng.internal.Utils-[TestNG] Running:
  D:\Manual Testing\Opencart01\Grouping.xml

12:31:33.065[main] INFO  testCases.Tc_001AccountRegistationTest-Starting Tc_001AccountRegistationTest 
12:31:33.793[main] INFO  testCases.Tc_001AccountRegistationTest-Clicked on MyAccount Link
12:31:34.463[main] INFO  testCases.Tc_001AccountRegistationTest-Clicked on Register Link
12:31:34.471[main] INFO  testCases.Tc_001AccountRegistationTest-proving customer deatails...
12:31:36.472[main] INFO  testCases.Tc_001AccountRegistationTest-validating expected message
12:31:36.525[main] INFO  testCases.Tc_001AccountRegistationTest-Finished Tc_001AccountRegistationTest 
12:31:39.956[main] INFO  testCases.TC_002_LoginTest-Staring TC_002_LoginTest 
12:31:42.394[main] INFO  testCases.TC_002_LoginTest-Finished TC_002_LoginTest 
12:31:46.707[main] DEBUG org.apache.poi.openxml4j.opc.PackageRelationshipCollection-Parsing relationship: /xl/_rels/workbook.xml.rels
12:31:46.710[main] DEBUG org.apache.poi.openxml4j.opc.PackageRelationshipCollection-Parsing relationship: /xl/worksheets/_rels/sheet1.xml.rels
12:31:46.712[main] DEBUG org.apache.poi.openxml4j.opc.PackageRelationshipCollection-Parsing relationship: /_rels/.rels
12:31:47.796[main] DEBUG org.apache.poi.openxml4j.opc.PackageRelationshipCollection-Parsing relationship: /xl/_rels/workbook.xml.rels
12:31:47.800[main] DEBUG org.apache.poi.openxml4j.opc.PackageRelationshipCollection-Parsing relationship: /xl/worksheets/_rels/sheet1.xml.rels
12:31:47.803[main] DEBUG org.apache.poi.openxml4j.opc.PackageRelationshipCollection-Parsing relationship: /_rels/.rels
12:31:47.902[main] DEBUG org.apache.poi.openxml4j.opc.PackageRelationshipCollection-Parsing relationship: /xl/_rels/workbook.xml.rels
12:31:47.905[main] DEBUG org.apache.poi.openxml4j.opc.PackageRelationshipCollection-Parsing relationship: /xl/worksheets/_rels/sheet1.xml.rels
12:31:47.907[main] DEBUG org.apache.poi.openxml4j.opc.PackageRelationshipCollection-Parsing relationship: /_rels/.rels
12:31:47.967[main] DEBUG org.apache.poi.openxml4j.opc.PackageRelationshipCollection-Parsing relationship: /xl/_rels/workbook.xml.rels
12:31:47.973[main] DEBUG org.apache.poi.openxml4j.opc.PackageRelationshipCollection-Parsing relationship: /xl/worksheets/_rels/sheet1.xml.rels
12:31:47.980[main] DEBUG org.apache.poi.openxml4j.opc.PackageRelationshipCollection-Parsing relationship: /_rels/.rels
12:31:48.057[main] DEBUG org.apache.poi.openxml4j.opc.PackageRelationshipCollection-Parsing relationship: /xl/_rels/workbook.xml.rels
12:31:48.059[main] DEBUG org.apache.poi.openxml4j.opc.PackageRelationshipCollection-Parsing relationship: /xl/worksheets/_rels/sheet1.xml.rels
12:31:48.060[main] DEBUG org.apache.poi.openxml4j.opc.PackageRelationshipCollection-Parsing relationship: /_rels/.rels
12:31:48.107[main] DEBUG org.apache.poi.openxml4j.opc.PackageRelationshipCollection-Parsing relationship: /xl/_rels/workbook.xml.rels
12:31:48.121[main] DEBUG org.apache.poi.openxml4j.opc.PackageRelationshipCollection-Parsing relationship: /xl/worksheets/_rels/sheet1.xml.rels
12:31:48.126[main] DEBUG org.apache.poi.openxml4j.opc.PackageRelationshipCollection-Parsing relationship: /_rels/.rels
12:31:48.180[main] DEBUG org.apache.poi.openxml4j.opc.PackageRelationshipCollection-Parsing relationship: /xl/_rels/workbook.xml.rels
12:31:48.184[main] DEBUG org.apache.poi.openxml4j.opc.PackageRelationshipCollection-Parsing relationship: /xl/worksheets/_rels/sheet1.xml.rels
12:31:48.186[main] DEBUG org.apache.poi.openxml4j.opc.PackageRelationshipCollection-Parsing relationship: /_rels/.rels
12:31:48.226[main] DEBUG org.apache.poi.openxml4j.opc.PackageRelationshipCollection-Parsing relationship: /xl/_rels/workbook.xml.rels
12:31:48.227[main] DEBUG org.apache.poi.openxml4j.opc.PackageRelationshipCollection-Parsing relationship: /xl/worksheets/_rels/sheet1.xml.rels
12:31:48.228[main] DEBUG org.apache.poi.openxml4j.opc.PackageRelationshipCollection-Parsing relationship: /_rels/.rels
12:31:48.293[main] DEBUG org.apache.poi.openxml4j.opc.PackageRelationshipCollection-Parsing relationship: /xl/_rels/workbook.xml.rels
12:31:48.295[main] DEBUG org.apache.poi.openxml4j.opc.PackageRelationshipCollection-Parsing relationship: /xl/worksheets/_rels/sheet1.xml.rels
12:31:48.298[main] DEBUG org.apache.poi.openxml4j.opc.PackageRelationshipCollection-Parsing relationship: /_rels/.rels
12:31:48.365[main] DEBUG org.apache.poi.openxml4j.opc.PackageRelationshipCollection-Parsing relationship: /xl/_rels/workbook.xml.rels
12:31:48.368[main] DEBUG org.apache.poi.openxml4j.opc.PackageRelationshipCollection-Parsing relationship: /xl/worksheets/_rels/sheet1.xml.rels
12:31:48.370[main] DEBUG org.apache.poi.openxml4j.opc.PackageRelationshipCollection-Parsing relationship: /_rels/.rels
12:31:48.448[main] DEBUG org.apache.poi.openxml4j.opc.PackageRelationshipCollection-Parsing relationship: /xl/_rels/workbook.xml.rels
12:31:48.450[main] DEBUG org.apache.poi.openxml4j.opc.PackageRelationshipCollection-Parsing relationship: /xl/worksheets/_rels/sheet1.xml.rels
12:31:48.453[main] DEBUG org.apache.poi.openxml4j.opc.PackageRelationshipCollection-Parsing relationship: /_rels/.rels
12:31:48.493[main] DEBUG org.apache.poi.openxml4j.opc.PackageRelationshipCollection-Parsing relationship: /xl/_rels/workbook.xml.rels
12:31:48.494[main] DEBUG org.apache.poi.openxml4j.opc.PackageRelationshipCollection-Parsing relationship: /xl/worksheets/_rels/sheet1.xml.rels
12:31:48.496[main] DEBUG org.apache.poi.openxml4j.opc.PackageRelationshipCollection-Parsing relationship: /_rels/.rels
12:31:48.540[main] DEBUG org.apache.poi.openxml4j.opc.PackageRelationshipCollection-Parsing relationship: /xl/_rels/workbook.xml.rels
12:31:48.542[main] DEBUG org.apache.poi.openxml4j.opc.PackageRelationshipCollection-Parsing relationship: /xl/worksheets/_rels/sheet1.xml.rels
12:31:48.543[main] DEBUG org.apache.poi.openxml4j.opc.PackageRelationshipCollection-Parsing relationship: /_rels/.rels
12:31:48.590[main] DEBUG org.apache.poi.openxml4j.opc.PackageRelationshipCollection-Parsing relationship: /xl/_rels/workbook.xml.rels
12:31:48.592[main] DEBUG org.apache.poi.openxml4j.opc.PackageRelationshipCollection-Parsing relationship: /xl/worksheets/_rels/sheet1.xml.rels
12:31:48.594[main] DEBUG org.apache.poi.openxml4j.opc.PackageRelationshipCollection-Parsing relationship: /_rels/.rels
12:31:48.644[main] DEBUG org.apache.poi.openxml4j.opc.PackageRelationshipCollection-Parsing relationship: /xl/_rels/workbook.xml.rels
12:31:48.646[main] DEBUG org.apache.poi.openxml4j.opc.PackageRelationshipCollection-Parsing relationship: /xl/worksheets/_rels/sheet1.xml.rels
12:31:48.648[main] DEBUG org.apache.poi.openxml4j.opc.PackageRelationshipCollection-Parsing relationship: /_rels/.rels
12:31:48.698[main] DEBUG org.apache.poi.openxml4j.opc.PackageRelationshipCollection-Parsing relationship: /xl/_rels/workbook.xml.rels
12:31:48.699[main] DEBUG org.apache.poi.openxml4j.opc.PackageRelationshipCollection-Parsing relationship: /xl/worksheets/_rels/sheet1.xml.rels
12:31:48.700[main] DEBUG org.apache.poi.openxml4j.opc.PackageRelationshipCollection-Parsing relationship: /_rels/.rels
12:31:48.741[main] INFO  testCases.TC_003LoginDDT-Starting TC_003LoginDDT
12:31:51.615[main] INFO  testCases.TC_003LoginDDT-Finished TC_003LoginDDT
12:31:51.630[main] INFO  testCases.TC_003LoginDDT-Starting TC_003LoginDDT
12:32:03.039[main] INFO  testCases.TC_003LoginDDT-Finished TC_003LoginDDT
12:32:03.044[main] INFO  testCases.TC_003LoginDDT-Starting TC_003LoginDDT
12:32:14.754[main] INFO  testCases.TC_003LoginDDT-Finished TC_003LoginDDT
12:32:14.762[main] INFO  testCases.TC_003LoginDDT-Starting TC_003LoginDDT
12:32:26.579[main] INFO  testCases.TC_003LoginDDT-Finished TC_003LoginDDT
12:32:26.589[main] INFO  testCases.TC_003LoginDDT-Starting TC_003LoginDDT
12:32:29.329[main] INFO  testCases.TC_003LoginDDT-Finished TC_003LoginDDT
12:44:16.821[main] DEBUG org.testng.TestNG-suiteXmlPath: "D:\Manual Testing\Opencart01\Grouping.xml"
12:44:17.687[main] INFO  org.testng.internal.Utils-[TestNG] Running:
  D:\Manual Testing\Opencart01\Grouping.xml

12:44:23.947[main] INFO  testCases.Tc_001AccountRegistationTest-Starting Tc_001AccountRegistationTest 
12:44:24.704[main] INFO  testCases.Tc_001AccountRegistationTest-Clicked on MyAccount Link
12:44:25.400[main] INFO  testCases.Tc_001AccountRegistationTest-Clicked on Register Link
12:44:25.410[main] INFO  testCases.Tc_001AccountRegistationTest-proving customer deatails...
12:44:27.540[main] INFO  testCases.Tc_001AccountRegistationTest-validating expected message
12:44:27.589[main] INFO  testCases.Tc_001AccountRegistationTest-Finished Tc_001AccountRegistationTest 
12:44:32.100[main] INFO  testCases.TC_002_LoginTest-Staring TC_002_LoginTest 
12:44:34.591[main] INFO  testCases.TC_002_LoginTest-Finished TC_002_LoginTest 
12:44:39.256[main] DEBUG org.apache.poi.openxml4j.opc.PackageRelationshipCollection-Parsing relationship: /xl/_rels/workbook.xml.rels
12:44:39.264[main] DEBUG org.apache.poi.openxml4j.opc.PackageRelationshipCollection-Parsing relationship: /xl/worksheets/_rels/sheet1.xml.rels
12:44:39.269[main] DEBUG org.apache.poi.openxml4j.opc.PackageRelationshipCollection-Parsing relationship: /_rels/.rels
12:44:40.179[main] DEBUG org.apache.poi.openxml4j.opc.PackageRelationshipCollection-Parsing relationship: /xl/_rels/workbook.xml.rels
12:44:40.180[main] DEBUG org.apache.poi.openxml4j.opc.PackageRelationshipCollection-Parsing relationship: /xl/worksheets/_rels/sheet1.xml.rels
12:44:40.182[main] DEBUG org.apache.poi.openxml4j.opc.PackageRelationshipCollection-Parsing relationship: /_rels/.rels
12:44:40.231[main] DEBUG org.apache.poi.openxml4j.opc.PackageRelationshipCollection-Parsing relationship: /xl/_rels/workbook.xml.rels
12:44:40.233[main] DEBUG org.apache.poi.openxml4j.opc.PackageRelationshipCollection-Parsing relationship: /xl/worksheets/_rels/sheet1.xml.rels
12:44:40.234[main] DEBUG org.apache.poi.openxml4j.opc.PackageRelationshipCollection-Parsing relationship: /_rels/.rels
12:44:40.267[main] DEBUG org.apache.poi.openxml4j.opc.PackageRelationshipCollection-Parsing relationship: /xl/_rels/workbook.xml.rels
12:44:40.268[main] DEBUG org.apache.poi.openxml4j.opc.PackageRelationshipCollection-Parsing relationship: /xl/worksheets/_rels/sheet1.xml.rels
12:44:40.270[main] DEBUG org.apache.poi.openxml4j.opc.PackageRelationshipCollection-Parsing relationship: /_rels/.rels
12:44:40.301[main] DEBUG org.apache.poi.openxml4j.opc.PackageRelationshipCollection-Parsing relationship: /xl/_rels/workbook.xml.rels
12:44:40.303[main] DEBUG org.apache.poi.openxml4j.opc.PackageRelationshipCollection-Parsing relationship: /xl/worksheets/_rels/sheet1.xml.rels
12:44:40.304[main] DEBUG org.apache.poi.openxml4j.opc.PackageRelationshipCollection-Parsing relationship: /_rels/.rels
12:44:40.335[main] DEBUG org.apache.poi.openxml4j.opc.PackageRelationshipCollection-Parsing relationship: /xl/_rels/workbook.xml.rels
12:44:40.337[main] DEBUG org.apache.poi.openxml4j.opc.PackageRelationshipCollection-Parsing relationship: /xl/worksheets/_rels/sheet1.xml.rels
12:44:40.342[main] DEBUG org.apache.poi.openxml4j.opc.PackageRelationshipCollection-Parsing relationship: /_rels/.rels
12:44:40.384[main] DEBUG org.apache.poi.openxml4j.opc.PackageRelationshipCollection-Parsing relationship: /xl/_rels/workbook.xml.rels
12:44:40.387[main] DEBUG org.apache.poi.openxml4j.opc.PackageRelationshipCollection-Parsing relationship: /xl/worksheets/_rels/sheet1.xml.rels
12:44:40.388[main] DEBUG org.apache.poi.openxml4j.opc.PackageRelationshipCollection-Parsing relationship: /_rels/.rels
12:44:40.426[main] DEBUG org.apache.poi.openxml4j.opc.PackageRelationshipCollection-Parsing relationship: /xl/_rels/workbook.xml.rels
12:44:40.428[main] DEBUG org.apache.poi.openxml4j.opc.PackageRelationshipCollection-Parsing relationship: /xl/worksheets/_rels/sheet1.xml.rels
12:44:40.429[main] DEBUG org.apache.poi.openxml4j.opc.PackageRelationshipCollection-Parsing relationship: /_rels/.rels
12:44:40.467[main] DEBUG org.apache.poi.openxml4j.opc.PackageRelationshipCollection-Parsing relationship: /xl/_rels/workbook.xml.rels
12:44:40.468[main] DEBUG org.apache.poi.openxml4j.opc.PackageRelationshipCollection-Parsing relationship: /xl/worksheets/_rels/sheet1.xml.rels
12:44:40.469[main] DEBUG org.apache.poi.openxml4j.opc.PackageRelationshipCollection-Parsing relationship: /_rels/.rels
12:44:40.494[main] DEBUG org.apache.poi.openxml4j.opc.PackageRelationshipCollection-Parsing relationship: /xl/_rels/workbook.xml.rels
12:44:40.495[main] DEBUG org.apache.poi.openxml4j.opc.PackageRelationshipCollection-Parsing relationship: /xl/worksheets/_rels/sheet1.xml.rels
12:44:40.497[main] DEBUG org.apache.poi.openxml4j.opc.PackageRelationshipCollection-Parsing relationship: /_rels/.rels
12:44:40.523[main] DEBUG org.apache.poi.openxml4j.opc.PackageRelationshipCollection-Parsing relationship: /xl/_rels/workbook.xml.rels
12:44:40.525[main] DEBUG org.apache.poi.openxml4j.opc.PackageRelationshipCollection-Parsing relationship: /xl/worksheets/_rels/sheet1.xml.rels
12:44:40.526[main] DEBUG org.apache.poi.openxml4j.opc.PackageRelationshipCollection-Parsing relationship: /_rels/.rels
12:44:40.561[main] DEBUG org.apache.poi.openxml4j.opc.PackageRelationshipCollection-Parsing relationship: /xl/_rels/workbook.xml.rels
12:44:40.562[main] DEBUG org.apache.poi.openxml4j.opc.PackageRelationshipCollection-Parsing relationship: /xl/worksheets/_rels/sheet1.xml.rels
12:44:40.563[main] DEBUG org.apache.poi.openxml4j.opc.PackageRelationshipCollection-Parsing relationship: /_rels/.rels
12:44:40.592[main] DEBUG org.apache.poi.openxml4j.opc.PackageRelationshipCollection-Parsing relationship: /xl/_rels/workbook.xml.rels
12:44:40.593[main] DEBUG org.apache.poi.openxml4j.opc.PackageRelationshipCollection-Parsing relationship: /xl/worksheets/_rels/sheet1.xml.rels
12:44:40.594[main] DEBUG org.apache.poi.openxml4j.opc.PackageRelationshipCollection-Parsing relationship: /_rels/.rels
12:44:40.628[main] DEBUG org.apache.poi.openxml4j.opc.PackageRelationshipCollection-Parsing relationship: /xl/_rels/workbook.xml.rels
12:44:40.643[main] DEBUG org.apache.poi.openxml4j.opc.PackageRelationshipCollection-Parsing relationship: /xl/worksheets/_rels/sheet1.xml.rels
12:44:40.644[main] DEBUG org.apache.poi.openxml4j.opc.PackageRelationshipCollection-Parsing relationship: /_rels/.rels
12:44:40.673[main] DEBUG org.apache.poi.openxml4j.opc.PackageRelationshipCollection-Parsing relationship: /xl/_rels/workbook.xml.rels
12:44:40.675[main] DEBUG org.apache.poi.openxml4j.opc.PackageRelationshipCollection-Parsing relationship: /xl/worksheets/_rels/sheet1.xml.rels
12:44:40.676[main] DEBUG org.apache.poi.openxml4j.opc.PackageRelationshipCollection-Parsing relationship: /_rels/.rels
12:44:40.707[main] DEBUG org.apache.poi.openxml4j.opc.PackageRelationshipCollection-Parsing relationship: /xl/_rels/workbook.xml.rels
12:44:40.709[main] DEBUG org.apache.poi.openxml4j.opc.PackageRelationshipCollection-Parsing relationship: /xl/worksheets/_rels/sheet1.xml.rels
12:44:40.710[main] DEBUG org.apache.poi.openxml4j.opc.PackageRelationshipCollection-Parsing relationship: /_rels/.rels
12:44:40.739[main] INFO  testCases.TC_003LoginDDT-Starting TC_003LoginDDT
12:44:43.639[main] INFO  testCases.TC_003LoginDDT-Finished TC_003LoginDDT
12:44:43.655[main] INFO  testCases.TC_003LoginDDT-Starting TC_003LoginDDT
12:44:55.252[main] INFO  testCases.TC_003LoginDDT-Finished TC_003LoginDDT
12:44:55.258[main] INFO  testCases.TC_003LoginDDT-Starting TC_003LoginDDT
12:45:07.283[main] INFO  testCases.TC_003LoginDDT-Finished TC_003LoginDDT
12:45:07.301[main] INFO  testCases.TC_003LoginDDT-Starting TC_003LoginDDT
12:45:19.021[main] INFO  testCases.TC_003LoginDDT-Finished TC_003LoginDDT
12:45:19.034[main] INFO  testCases.TC_003LoginDDT-Starting TC_003LoginDDT
12:45:22.306[main] INFO  testCases.TC_003LoginDDT-Finished TC_003LoginDDT
14:28:09.819[main] DEBUG org.testng.TestNG-suiteXmlPath: "D:\Manual Testing\Opencart01\Grouping.xml"
14:28:10.304[main] INFO  org.testng.internal.Utils-[TestNG] Running:
  D:\Manual Testing\Opencart01\Grouping.xml

14:28:21.899[main] INFO  testCases.Tc_001AccountRegistationTest-Starting Tc_001AccountRegistationTest 
14:28:22.743[main] INFO  testCases.Tc_001AccountRegistationTest-Clicked on MyAccount Link
14:28:23.861[main] INFO  testCases.Tc_001AccountRegistationTest-Clicked on Register Link
14:28:23.988[main] INFO  testCases.Tc_001AccountRegistationTest-proving customer deatails...
14:28:26.394[main] INFO  testCases.Tc_001AccountRegistationTest-validating expected message
14:28:26.469[main] INFO  testCases.Tc_001AccountRegistationTest-Finished Tc_001AccountRegistationTest 
14:28:30.572[main] INFO  testCases.TC_002_LoginTest-Staring TC_002_LoginTest 
14:28:48.853[main] DEBUG org.apache.poi.openxml4j.opc.PackageRelationshipCollection-Parsing relationship: /xl/_rels/workbook.xml.rels
14:28:48.855[main] DEBUG org.apache.poi.openxml4j.opc.PackageRelationshipCollection-Parsing relationship: /xl/worksheets/_rels/sheet1.xml.rels
14:28:48.857[main] DEBUG org.apache.poi.openxml4j.opc.PackageRelationshipCollection-Parsing relationship: /_rels/.rels
14:28:49.392[main] DEBUG org.apache.poi.openxml4j.opc.PackageRelationshipCollection-Parsing relationship: /xl/_rels/workbook.xml.rels
14:28:49.393[main] DEBUG org.apache.poi.openxml4j.opc.PackageRelationshipCollection-Parsing relationship: /xl/worksheets/_rels/sheet1.xml.rels
14:28:49.394[main] DEBUG org.apache.poi.openxml4j.opc.PackageRelationshipCollection-Parsing relationship: /_rels/.rels
14:28:49.434[main] DEBUG org.apache.poi.openxml4j.opc.PackageRelationshipCollection-Parsing relationship: /xl/_rels/workbook.xml.rels
14:28:49.435[main] DEBUG org.apache.poi.openxml4j.opc.PackageRelationshipCollection-Parsing relationship: /xl/worksheets/_rels/sheet1.xml.rels
14:28:49.436[main] DEBUG org.apache.poi.openxml4j.opc.PackageRelationshipCollection-Parsing relationship: /_rels/.rels
14:28:49.466[main] DEBUG org.apache.poi.openxml4j.opc.PackageRelationshipCollection-Parsing relationship: /xl/_rels/workbook.xml.rels
14:28:49.467[main] DEBUG org.apache.poi.openxml4j.opc.PackageRelationshipCollection-Parsing relationship: /xl/worksheets/_rels/sheet1.xml.rels
14:28:49.469[main] DEBUG org.apache.poi.openxml4j.opc.PackageRelationshipCollection-Parsing relationship: /_rels/.rels
14:28:49.501[main] DEBUG org.apache.poi.openxml4j.opc.PackageRelationshipCollection-Parsing relationship: /xl/_rels/workbook.xml.rels
14:28:49.502[main] DEBUG org.apache.poi.openxml4j.opc.PackageRelationshipCollection-Parsing relationship: /xl/worksheets/_rels/sheet1.xml.rels
14:28:49.503[main] DEBUG org.apache.poi.openxml4j.opc.PackageRelationshipCollection-Parsing relationship: /_rels/.rels
14:28:49.538[main] DEBUG org.apache.poi.openxml4j.opc.PackageRelationshipCollection-Parsing relationship: /xl/_rels/workbook.xml.rels
14:28:49.540[main] DEBUG org.apache.poi.openxml4j.opc.PackageRelationshipCollection-Parsing relationship: /xl/worksheets/_rels/sheet1.xml.rels
14:28:49.551[main] DEBUG org.apache.poi.openxml4j.opc.PackageRelationshipCollection-Parsing relationship: /_rels/.rels
14:28:49.595[main] DEBUG org.apache.poi.openxml4j.opc.PackageRelationshipCollection-Parsing relationship: /xl/_rels/workbook.xml.rels
14:28:49.598[main] DEBUG org.apache.poi.openxml4j.opc.PackageRelationshipCollection-Parsing relationship: /xl/worksheets/_rels/sheet1.xml.rels
14:28:49.601[main] DEBUG org.apache.poi.openxml4j.opc.PackageRelationshipCollection-Parsing relationship: /_rels/.rels
14:28:49.637[main] DEBUG org.apache.poi.openxml4j.opc.PackageRelationshipCollection-Parsing relationship: /xl/_rels/workbook.xml.rels
14:28:49.639[main] DEBUG org.apache.poi.openxml4j.opc.PackageRelationshipCollection-Parsing relationship: /xl/worksheets/_rels/sheet1.xml.rels
14:28:49.642[main] DEBUG org.apache.poi.openxml4j.opc.PackageRelationshipCollection-Parsing relationship: /_rels/.rels
14:28:49.684[main] DEBUG org.apache.poi.openxml4j.opc.PackageRelationshipCollection-Parsing relationship: /xl/_rels/workbook.xml.rels
14:28:49.685[main] DEBUG org.apache.poi.openxml4j.opc.PackageRelationshipCollection-Parsing relationship: /xl/worksheets/_rels/sheet1.xml.rels
14:28:49.687[main] DEBUG org.apache.poi.openxml4j.opc.PackageRelationshipCollection-Parsing relationship: /_rels/.rels
14:28:49.717[main] DEBUG org.apache.poi.openxml4j.opc.PackageRelationshipCollection-Parsing relationship: /xl/_rels/workbook.xml.rels
14:28:49.719[main] DEBUG org.apache.poi.openxml4j.opc.PackageRelationshipCollection-Parsing relationship: /xl/worksheets/_rels/sheet1.xml.rels
14:28:49.720[main] DEBUG org.apache.poi.openxml4j.opc.PackageRelationshipCollection-Parsing relationship: /_rels/.rels
14:28:49.754[main] DEBUG org.apache.poi.openxml4j.opc.PackageRelationshipCollection-Parsing relationship: /xl/_rels/workbook.xml.rels
14:28:49.755[main] DEBUG org.apache.poi.openxml4j.opc.PackageRelationshipCollection-Parsing relationship: /xl/worksheets/_rels/sheet1.xml.rels
14:28:49.757[main] DEBUG org.apache.poi.openxml4j.opc.PackageRelationshipCollection-Parsing relationship: /_rels/.rels
14:28:49.785[main] DEBUG org.apache.poi.openxml4j.opc.PackageRelationshipCollection-Parsing relationship: /xl/_rels/workbook.xml.rels
14:28:49.787[main] DEBUG org.apache.poi.openxml4j.opc.PackageRelationshipCollection-Parsing relationship: /xl/worksheets/_rels/sheet1.xml.rels
14:28:49.788[main] DEBUG org.apache.poi.openxml4j.opc.PackageRelationshipCollection-Parsing relationship: /_rels/.rels
14:28:49.828[main] DEBUG org.apache.poi.openxml4j.opc.PackageRelationshipCollection-Parsing relationship: /xl/_rels/workbook.xml.rels
14:28:49.829[main] DEBUG org.apache.poi.openxml4j.opc.PackageRelationshipCollection-Parsing relationship: /xl/worksheets/_rels/sheet1.xml.rels
14:28:49.830[main] DEBUG org.apache.poi.openxml4j.opc.PackageRelationshipCollection-Parsing relationship: /_rels/.rels
14:28:49.861[main] DEBUG org.apache.poi.openxml4j.opc.PackageRelationshipCollection-Parsing relationship: /xl/_rels/workbook.xml.rels
14:28:49.863[main] DEBUG org.apache.poi.openxml4j.opc.PackageRelationshipCollection-Parsing relationship: /xl/worksheets/_rels/sheet1.xml.rels
14:28:49.864[main] DEBUG org.apache.poi.openxml4j.opc.PackageRelationshipCollection-Parsing relationship: /_rels/.rels
14:28:49.888[main] DEBUG org.apache.poi.openxml4j.opc.PackageRelationshipCollection-Parsing relationship: /xl/_rels/workbook.xml.rels
14:28:49.890[main] DEBUG org.apache.poi.openxml4j.opc.PackageRelationshipCollection-Parsing relationship: /xl/worksheets/_rels/sheet1.xml.rels
14:28:49.891[main] DEBUG org.apache.poi.openxml4j.opc.PackageRelationshipCollection-Parsing relationship: /_rels/.rels
14:28:49.935[main] DEBUG org.apache.poi.openxml4j.opc.PackageRelationshipCollection-Parsing relationship: /xl/_rels/workbook.xml.rels
14:28:49.936[main] DEBUG org.apache.poi.openxml4j.opc.PackageRelationshipCollection-Parsing relationship: /xl/worksheets/_rels/sheet1.xml.rels
14:28:49.937[main] DEBUG org.apache.poi.openxml4j.opc.PackageRelationshipCollection-Parsing relationship: /_rels/.rels
14:28:49.977[main] INFO  testCases.TC_003LoginDDT-Starting TC_003LoginDDT
14:28:52.842[main] INFO  testCases.TC_003LoginDDT-Finished TC_003LoginDDT
14:28:52.851[main] INFO  testCases.TC_003LoginDDT-Starting TC_003LoginDDT
14:29:04.127[main] INFO  testCases.TC_003LoginDDT-Finished TC_003LoginDDT
14:29:04.139[main] INFO  testCases.TC_003LoginDDT-Starting TC_003LoginDDT
14:29:15.573[main] INFO  testCases.TC_003LoginDDT-Finished TC_003LoginDDT
14:29:15.601[main] INFO  testCases.TC_003LoginDDT-Starting TC_003LoginDDT
14:29:26.969[main] INFO  testCases.TC_003LoginDDT-Finished TC_003LoginDDT
14:29:26.992[main] INFO  testCases.TC_003LoginDDT-Starting TC_003LoginDDT
14:29:29.523[main] INFO  testCases.TC_003LoginDDT-Finished TC_003LoginDDT
17:52:59.501[main] INFO  testCases.Tc_001AccountRegistationTest-Starting Tc_001AccountRegistationTest 
17:53:00.175[main] INFO  testCases.Tc_001AccountRegistationTest-Clicked on MyAccount Link
17:53:01.079[main] INFO  testCases.Tc_001AccountRegistationTest-Clicked on Register Link
17:53:01.093[main] INFO  testCases.Tc_001AccountRegistationTest-proving customer deatails...
17:53:02.653[main] INFO  testCases.Tc_001AccountRegistationTest-validating expected message
17:53:02.748[main] INFO  testCases.Tc_001AccountRegistationTest-Finished Tc_001AccountRegistationTest 
17:53:09.377[main] INFO  testCases.TC_002_LoginTest-Staring TC_002_LoginTest 
17:53:11.849[main] INFO  testCases.TC_002_LoginTest-Finished TC_002_LoginTest 
17:53:18.011[main] DEBUG org.apache.poi.openxml4j.opc.PackageRelationshipCollection-Parsing relationship: /xl/_rels/workbook.xml.rels
17:53:18.013[main] DEBUG org.apache.poi.openxml4j.opc.PackageRelationshipCollection-Parsing relationship: /xl/worksheets/_rels/sheet1.xml.rels
17:53:18.016[main] DEBUG org.apache.poi.openxml4j.opc.PackageRelationshipCollection-Parsing relationship: /_rels/.rels
17:53:18.553[main] DEBUG org.apache.poi.openxml4j.opc.PackageRelationshipCollection-Parsing relationship: /xl/_rels/workbook.xml.rels
17:53:18.555[main] DEBUG org.apache.poi.openxml4j.opc.PackageRelationshipCollection-Parsing relationship: /xl/worksheets/_rels/sheet1.xml.rels
17:53:18.557[main] DEBUG org.apache.poi.openxml4j.opc.PackageRelationshipCollection-Parsing relationship: /_rels/.rels
17:53:18.621[main] DEBUG org.apache.poi.openxml4j.opc.PackageRelationshipCollection-Parsing relationship: /xl/_rels/workbook.xml.rels
17:53:18.623[main] DEBUG org.apache.poi.openxml4j.opc.PackageRelationshipCollection-Parsing relationship: /xl/worksheets/_rels/sheet1.xml.rels
17:53:18.623[main] DEBUG org.apache.poi.openxml4j.opc.PackageRelationshipCollection-Parsing relationship: /_rels/.rels
17:53:18.652[main] DEBUG org.apache.poi.openxml4j.opc.PackageRelationshipCollection-Parsing relationship: /xl/_rels/workbook.xml.rels
17:53:18.653[main] DEBUG org.apache.poi.openxml4j.opc.PackageRelationshipCollection-Parsing relationship: /xl/worksheets/_rels/sheet1.xml.rels
17:53:18.653[main] DEBUG org.apache.poi.openxml4j.opc.PackageRelationshipCollection-Parsing relationship: /_rels/.rels
17:53:18.678[main] DEBUG org.apache.poi.openxml4j.opc.PackageRelationshipCollection-Parsing relationship: /xl/_rels/workbook.xml.rels
17:53:18.679[main] DEBUG org.apache.poi.openxml4j.opc.PackageRelationshipCollection-Parsing relationship: /xl/worksheets/_rels/sheet1.xml.rels
17:53:18.680[main] DEBUG org.apache.poi.openxml4j.opc.PackageRelationshipCollection-Parsing relationship: /_rels/.rels
17:53:18.699[main] DEBUG org.apache.poi.openxml4j.opc.PackageRelationshipCollection-Parsing relationship: /xl/_rels/workbook.xml.rels
17:53:18.700[main] DEBUG org.apache.poi.openxml4j.opc.PackageRelationshipCollection-Parsing relationship: /xl/worksheets/_rels/sheet1.xml.rels
17:53:18.701[main] DEBUG org.apache.poi.openxml4j.opc.PackageRelationshipCollection-Parsing relationship: /_rels/.rels
17:53:18.722[main] DEBUG org.apache.poi.openxml4j.opc.PackageRelationshipCollection-Parsing relationship: /xl/_rels/workbook.xml.rels
17:53:18.723[main] DEBUG org.apache.poi.openxml4j.opc.PackageRelationshipCollection-Parsing relationship: /xl/worksheets/_rels/sheet1.xml.rels
17:53:18.723[main] DEBUG org.apache.poi.openxml4j.opc.PackageRelationshipCollection-Parsing relationship: /_rels/.rels
17:53:18.747[main] DEBUG org.apache.poi.openxml4j.opc.PackageRelationshipCollection-Parsing relationship: /xl/_rels/workbook.xml.rels
17:53:18.748[main] DEBUG org.apache.poi.openxml4j.opc.PackageRelationshipCollection-Parsing relationship: /xl/worksheets/_rels/sheet1.xml.rels
17:53:18.749[main] DEBUG org.apache.poi.openxml4j.opc.PackageRelationshipCollection-Parsing relationship: /_rels/.rels
17:53:18.773[main] DEBUG org.apache.poi.openxml4j.opc.PackageRelationshipCollection-Parsing relationship: /xl/_rels/workbook.xml.rels
17:53:18.774[main] DEBUG org.apache.poi.openxml4j.opc.PackageRelationshipCollection-Parsing relationship: /xl/worksheets/_rels/sheet1.xml.rels
17:53:18.775[main] DEBUG org.apache.poi.openxml4j.opc.PackageRelationshipCollection-Parsing relationship: /_rels/.rels
17:53:18.798[main] DEBUG org.apache.poi.openxml4j.opc.PackageRelationshipCollection-Parsing relationship: /xl/_rels/workbook.xml.rels
17:53:18.799[main] DEBUG org.apache.poi.openxml4j.opc.PackageRelationshipCollection-Parsing relationship: /xl/worksheets/_rels/sheet1.xml.rels
17:53:18.800[main] DEBUG org.apache.poi.openxml4j.opc.PackageRelationshipCollection-Parsing relationship: /_rels/.rels
17:53:18.833[main] DEBUG org.apache.poi.openxml4j.opc.PackageRelationshipCollection-Parsing relationship: /xl/_rels/workbook.xml.rels
17:53:18.833[main] DEBUG org.apache.poi.openxml4j.opc.PackageRelationshipCollection-Parsing relationship: /xl/worksheets/_rels/sheet1.xml.rels
17:53:18.834[main] DEBUG org.apache.poi.openxml4j.opc.PackageRelationshipCollection-Parsing relationship: /_rels/.rels
17:53:18.859[main] DEBUG org.apache.poi.openxml4j.opc.PackageRelationshipCollection-Parsing relationship: /xl/_rels/workbook.xml.rels
17:53:18.860[main] DEBUG org.apache.poi.openxml4j.opc.PackageRelationshipCollection-Parsing relationship: /xl/worksheets/_rels/sheet1.xml.rels
17:53:18.860[main] DEBUG org.apache.poi.openxml4j.opc.PackageRelationshipCollection-Parsing relationship: /_rels/.rels
17:53:18.882[main] DEBUG org.apache.poi.openxml4j.opc.PackageRelationshipCollection-Parsing relationship: /xl/_rels/workbook.xml.rels
17:53:18.883[main] DEBUG org.apache.poi.openxml4j.opc.PackageRelationshipCollection-Parsing relationship: /xl/worksheets/_rels/sheet1.xml.rels
17:53:18.883[main] DEBUG org.apache.poi.openxml4j.opc.PackageRelationshipCollection-Parsing relationship: /_rels/.rels
17:53:18.906[main] DEBUG org.apache.poi.openxml4j.opc.PackageRelationshipCollection-Parsing relationship: /xl/_rels/workbook.xml.rels
17:53:18.927[main] DEBUG org.apache.poi.openxml4j.opc.PackageRelationshipCollection-Parsing relationship: /xl/worksheets/_rels/sheet1.xml.rels
17:53:19.020[main] DEBUG org.apache.poi.openxml4j.opc.PackageRelationshipCollection-Parsing relationship: /_rels/.rels
17:53:19.040[main] DEBUG org.apache.poi.openxml4j.opc.PackageRelationshipCollection-Parsing relationship: /xl/_rels/workbook.xml.rels
17:53:19.041[main] DEBUG org.apache.poi.openxml4j.opc.PackageRelationshipCollection-Parsing relationship: /xl/worksheets/_rels/sheet1.xml.rels
17:53:19.042[main] DEBUG org.apache.poi.openxml4j.opc.PackageRelationshipCollection-Parsing relationship: /_rels/.rels
17:53:19.071[main] DEBUG org.apache.poi.openxml4j.opc.PackageRelationshipCollection-Parsing relationship: /xl/_rels/workbook.xml.rels
17:53:19.074[main] DEBUG org.apache.poi.openxml4j.opc.PackageRelationshipCollection-Parsing relationship: /xl/worksheets/_rels/sheet1.xml.rels
17:53:19.075[main] DEBUG org.apache.poi.openxml4j.opc.PackageRelationshipCollection-Parsing relationship: /_rels/.rels
17:53:19.097[main] INFO  testCases.TC_003LoginDDT-Starting TC_003LoginDDT
17:53:22.098[main] INFO  testCases.TC_003LoginDDT-Finished TC_003LoginDDT
17:53:22.112[main] INFO  testCases.TC_003LoginDDT-Starting TC_003LoginDDT
17:53:32.902[main] INFO  testCases.TC_003LoginDDT-Finished TC_003LoginDDT
17:53:32.903[main] INFO  testCases.TC_003LoginDDT-Starting TC_003LoginDDT
17:53:45.942[main] INFO  testCases.TC_003LoginDDT-Finished TC_003LoginDDT
17:53:45.944[main] INFO  testCases.TC_003LoginDDT-Starting TC_003LoginDDT
17:53:58.658[main] INFO  testCases.TC_003LoginDDT-Finished TC_003LoginDDT
17:53:58.659[main] INFO  testCases.TC_003LoginDDT-Starting TC_003LoginDDT
17:54:05.654[main] INFO  testCases.TC_003LoginDDT-Finished TC_003LoginDDT
17:55:35.668[main] INFO  testCases.Tc_001AccountRegistationTest-Starting Tc_001AccountRegistationTest 
17:55:36.434[main] INFO  testCases.Tc_001AccountRegistationTest-Clicked on MyAccount Link
17:55:37.702[main] INFO  testCases.Tc_001AccountRegistationTest-Clicked on Register Link
17:55:37.707[main] INFO  testCases.Tc_001AccountRegistationTest-proving customer deatails...
17:55:39.288[main] INFO  testCases.Tc_001AccountRegistationTest-validating expected message
17:55:39.365[main] INFO  testCases.Tc_001AccountRegistationTest-Finished Tc_001AccountRegistationTest 
17:55:45.167[main] INFO  testCases.TC_002_LoginTest-Staring TC_002_LoginTest 
17:55:48.163[main] INFO  testCases.TC_002_LoginTest-Finished TC_002_LoginTest 
17:55:55.239[main] DEBUG org.apache.poi.openxml4j.opc.PackageRelationshipCollection-Parsing relationship: /xl/_rels/workbook.xml.rels
17:55:55.244[main] DEBUG org.apache.poi.openxml4j.opc.PackageRelationshipCollection-Parsing relationship: /xl/worksheets/_rels/sheet1.xml.rels
17:55:55.246[main] DEBUG org.apache.poi.openxml4j.opc.PackageRelationshipCollection-Parsing relationship: /_rels/.rels
17:55:55.825[main] DEBUG org.apache.poi.openxml4j.opc.PackageRelationshipCollection-Parsing relationship: /xl/_rels/workbook.xml.rels
17:55:55.827[main] DEBUG org.apache.poi.openxml4j.opc.PackageRelationshipCollection-Parsing relationship: /xl/worksheets/_rels/sheet1.xml.rels
17:55:55.829[main] DEBUG org.apache.poi.openxml4j.opc.PackageRelationshipCollection-Parsing relationship: /_rels/.rels
17:55:55.898[main] DEBUG org.apache.poi.openxml4j.opc.PackageRelationshipCollection-Parsing relationship: /xl/_rels/workbook.xml.rels
17:55:55.900[main] DEBUG org.apache.poi.openxml4j.opc.PackageRelationshipCollection-Parsing relationship: /xl/worksheets/_rels/sheet1.xml.rels
17:55:55.901[main] DEBUG org.apache.poi.openxml4j.opc.PackageRelationshipCollection-Parsing relationship: /_rels/.rels
17:55:55.928[main] DEBUG org.apache.poi.openxml4j.opc.PackageRelationshipCollection-Parsing relationship: /xl/_rels/workbook.xml.rels
17:55:55.929[main] DEBUG org.apache.poi.openxml4j.opc.PackageRelationshipCollection-Parsing relationship: /xl/worksheets/_rels/sheet1.xml.rels
17:55:55.930[main] DEBUG org.apache.poi.openxml4j.opc.PackageRelationshipCollection-Parsing relationship: /_rels/.rels
17:55:55.966[main] DEBUG org.apache.poi.openxml4j.opc.PackageRelationshipCollection-Parsing relationship: /xl/_rels/workbook.xml.rels
17:55:55.967[main] DEBUG org.apache.poi.openxml4j.opc.PackageRelationshipCollection-Parsing relationship: /xl/worksheets/_rels/sheet1.xml.rels
17:55:55.968[main] DEBUG org.apache.poi.openxml4j.opc.PackageRelationshipCollection-Parsing relationship: /_rels/.rels
17:55:55.989[main] DEBUG org.apache.poi.openxml4j.opc.PackageRelationshipCollection-Parsing relationship: /xl/_rels/workbook.xml.rels
17:55:55.990[main] DEBUG org.apache.poi.openxml4j.opc.PackageRelationshipCollection-Parsing relationship: /xl/worksheets/_rels/sheet1.xml.rels
17:55:55.991[main] DEBUG org.apache.poi.openxml4j.opc.PackageRelationshipCollection-Parsing relationship: /_rels/.rels
17:55:56.014[main] DEBUG org.apache.poi.openxml4j.opc.PackageRelationshipCollection-Parsing relationship: /xl/_rels/workbook.xml.rels
17:55:56.016[main] DEBUG org.apache.poi.openxml4j.opc.PackageRelationshipCollection-Parsing relationship: /xl/worksheets/_rels/sheet1.xml.rels
17:55:56.016[main] DEBUG org.apache.poi.openxml4j.opc.PackageRelationshipCollection-Parsing relationship: /_rels/.rels
17:55:56.034[main] DEBUG org.apache.poi.openxml4j.opc.PackageRelationshipCollection-Parsing relationship: /xl/_rels/workbook.xml.rels
17:55:56.036[main] DEBUG org.apache.poi.openxml4j.opc.PackageRelationshipCollection-Parsing relationship: /xl/worksheets/_rels/sheet1.xml.rels
17:55:56.037[main] DEBUG org.apache.poi.openxml4j.opc.PackageRelationshipCollection-Parsing relationship: /_rels/.rels
17:55:56.057[main] DEBUG org.apache.poi.openxml4j.opc.PackageRelationshipCollection-Parsing relationship: /xl/_rels/workbook.xml.rels
17:55:56.058[main] DEBUG org.apache.poi.openxml4j.opc.PackageRelationshipCollection-Parsing relationship: /xl/worksheets/_rels/sheet1.xml.rels
17:55:56.059[main] DEBUG org.apache.poi.openxml4j.opc.PackageRelationshipCollection-Parsing relationship: /_rels/.rels
17:55:56.079[main] DEBUG org.apache.poi.openxml4j.opc.PackageRelationshipCollection-Parsing relationship: /xl/_rels/workbook.xml.rels
17:55:56.080[main] DEBUG org.apache.poi.openxml4j.opc.PackageRelationshipCollection-Parsing relationship: /xl/worksheets/_rels/sheet1.xml.rels
17:55:56.081[main] DEBUG org.apache.poi.openxml4j.opc.PackageRelationshipCollection-Parsing relationship: /_rels/.rels
17:55:56.102[main] DEBUG org.apache.poi.openxml4j.opc.PackageRelationshipCollection-Parsing relationship: /xl/_rels/workbook.xml.rels
17:55:56.103[main] DEBUG org.apache.poi.openxml4j.opc.PackageRelationshipCollection-Parsing relationship: /xl/worksheets/_rels/sheet1.xml.rels
17:55:56.103[main] DEBUG org.apache.poi.openxml4j.opc.PackageRelationshipCollection-Parsing relationship: /_rels/.rels
17:55:56.121[main] DEBUG org.apache.poi.openxml4j.opc.PackageRelationshipCollection-Parsing relationship: /xl/_rels/workbook.xml.rels
17:55:56.122[main] DEBUG org.apache.poi.openxml4j.opc.PackageRelationshipCollection-Parsing relationship: /xl/worksheets/_rels/sheet1.xml.rels
17:55:56.122[main] DEBUG org.apache.poi.openxml4j.opc.PackageRelationshipCollection-Parsing relationship: /_rels/.rels
17:55:56.143[main] DEBUG org.apache.poi.openxml4j.opc.PackageRelationshipCollection-Parsing relationship: /xl/_rels/workbook.xml.rels
17:55:56.144[main] DEBUG org.apache.poi.openxml4j.opc.PackageRelationshipCollection-Parsing relationship: /xl/worksheets/_rels/sheet1.xml.rels
17:55:56.146[main] DEBUG org.apache.poi.openxml4j.opc.PackageRelationshipCollection-Parsing relationship: /_rels/.rels
17:55:56.166[main] DEBUG org.apache.poi.openxml4j.opc.PackageRelationshipCollection-Parsing relationship: /xl/_rels/workbook.xml.rels
17:55:56.167[main] DEBUG org.apache.poi.openxml4j.opc.PackageRelationshipCollection-Parsing relationship: /xl/worksheets/_rels/sheet1.xml.rels
17:55:56.168[main] DEBUG org.apache.poi.openxml4j.opc.PackageRelationshipCollection-Parsing relationship: /_rels/.rels
17:55:56.186[main] DEBUG org.apache.poi.openxml4j.opc.PackageRelationshipCollection-Parsing relationship: /xl/_rels/workbook.xml.rels
17:55:56.186[main] DEBUG org.apache.poi.openxml4j.opc.PackageRelationshipCollection-Parsing relationship: /xl/worksheets/_rels/sheet1.xml.rels
17:55:56.187[main] DEBUG org.apache.poi.openxml4j.opc.PackageRelationshipCollection-Parsing relationship: /_rels/.rels
17:55:56.202[main] DEBUG org.apache.poi.openxml4j.opc.PackageRelationshipCollection-Parsing relationship: /xl/_rels/workbook.xml.rels
17:55:56.204[main] DEBUG org.apache.poi.openxml4j.opc.PackageRelationshipCollection-Parsing relationship: /xl/worksheets/_rels/sheet1.xml.rels
17:55:56.204[main] DEBUG org.apache.poi.openxml4j.opc.PackageRelationshipCollection-Parsing relationship: /_rels/.rels
17:55:56.221[main] INFO  testCases.TC_003LoginDDT-Starting TC_003LoginDDT
17:55:58.808[main] INFO  testCases.TC_003LoginDDT-Finished TC_003LoginDDT
17:55:58.823[main] INFO  testCases.TC_003LoginDDT-Starting TC_003LoginDDT
17:56:10.017[main] INFO  testCases.TC_003LoginDDT-Finished TC_003LoginDDT
17:56:10.019[main] INFO  testCases.TC_003LoginDDT-Starting TC_003LoginDDT
17:56:24.647[main] INFO  testCases.TC_003LoginDDT-Finished TC_003LoginDDT
17:56:24.649[main] INFO  testCases.TC_003LoginDDT-Starting TC_003LoginDDT
17:56:37.972[main] INFO  testCases.TC_003LoginDDT-Finished TC_003LoginDDT
17:56:37.979[main] INFO  testCases.TC_003LoginDDT-Starting TC_003LoginDDT
17:56:43.371[main] INFO  testCases.TC_003LoginDDT-Finished TC_003LoginDDT
20:35:54.890[main] INFO  testCases.Tc_001AccountRegistationTest-Starting Tc_001AccountRegistationTest 
20:35:55.410[main] INFO  testCases.Tc_001AccountRegistationTest-Clicked on MyAccount Link
20:35:56.885[main] INFO  testCases.Tc_001AccountRegistationTest-Clicked on Register Link
20:35:56.891[main] INFO  testCases.Tc_001AccountRegistationTest-proving customer deatails...
20:35:58.992[main] INFO  testCases.Tc_001AccountRegistationTest-validating expected message
20:35:59.072[main] INFO  testCases.Tc_001AccountRegistationTest-Finished Tc_001AccountRegistationTest 
20:36:05.677[main] INFO  testCases.TC_002_LoginTest-Staring TC_002_LoginTest 
20:36:07.715[main] INFO  testCases.TC_002_LoginTest-Finished TC_002_LoginTest 
